<?xml version="1.0" encoding="UTF-8"?>
<!-- Generated by org.testng.reporters.JUnitReportReporter -->
<testsuite hostname="LAPTOP-FQFQUEAH" failures="0" tests="1" name="TC002_POST_Request" time="1.429" errors="0" timestamp="2022-07-22T10:32:47 EDT" skipped="0">
  <testcase classname="TC002_POST_Request" name="registrationSuccessful" time="1.429"/>
  <system-out/>
</testsuite> <!-- TC002_POST_Request -->
