<?xml version="1.0" encoding="UTF-8"?>
<!-- Generated by org.testng.reporters.JUnitReportReporter -->
<testsuite hostname="LAPTOP-FQFQUEAH" failures="0" tests="1" name="TC003_GET_Request" time="1.428" errors="0" timestamp="2022-07-22T11:02:47 EDT" skipped="0">
  <testcase classname="TC003_GET_Request" name="googleMapTest" time="1.428"/>
  <system-out/>
</testsuite> <!-- TC003_GET_Request -->
